<?xml version="1.0" encoding="UTF-8"?>
<!-- Generated by org.testng.reporters.JUnitReportReporter -->
<testsuite hostname="BLR1-LHP-N80937" failures="0" tests="1" name="BrowserLaunch" time="0.853" errors="0" timestamp="2023-07-07T16:35:35 IST" skipped="0">
  <testcase classname="BrowserLaunch" name="setUp" time="0.853"/>
</testsuite> <!-- BrowserLaunch -->
