<?xml version="1.0" encoding="UTF-8"?>
<!-- Generated by org.testng.reporters.JUnitReportReporter -->
<testsuite hostname="BLR1-LHP-N80937" failures="0" tests="1" name="com.mobileautomation.MYDemoApp" time="42.095" errors="0" timestamp="2023-07-17T16:08:12 IST" skipped="0">
  <testcase classname="com.mobileautomation.MYDemoApp" name="test1" time="42.095"/>
</testsuite> <!-- com.mobileautomation.MYDemoApp -->
