<?xml version="1.0" encoding="UTF-8"?>
<!-- Generated by org.testng.reporters.JUnitReportReporter -->
<testsuite hostname="BLR1-LHP-N80937" failures="0" tests="1" name="com.wfs.runner.RunnerClass" time="53.965" errors="0" timestamp="2023-07-26T14:26:13 IST" skipped="0">
  <testcase classname="com.wfs.runner.RunnerClass" name="runScenario" time="53.965"/>
</testsuite> <!-- com.wfs.runner.RunnerClass -->
