<?xml version="1.0" encoding="UTF-8"?>
<!-- Generated by org.testng.reporters.JUnitReportReporter -->
<testsuite hostname="BLR1-LHP-N80937" failures="0" tests="3" name="RunnerClass" time="0.137" errors="0" timestamp="2023-07-17T18:01:15 IST" skipped="0">
  <testcase classname="RunnerClass" name="runScenario" time="0.006"/>
  <testcase classname="RunnerClass" name="runScenario" time="0.127"/>
  <testcase classname="RunnerClass" name="runScenario" time="0.004"/>
</testsuite> <!-- RunnerClass -->
